2024-12-04 15:29:23,204 ERROR [main][LoggingFailureAnalysisReporter.java:40] - 

***************************
APPLICATION FAILED TO START
***************************

Description:

Field courseBaseInfoService in com.xuecheng.content.api.CourseBaseInfoController required a bean of type 'com.xuecheng.content.service.CourseBaseInfoService' that could not be found.

The injection point has the following annotations:
	- @org.springframework.beans.factory.annotation.Autowired(required=true)


Action:

Consider defining a bean of type 'com.xuecheng.content.service.CourseBaseInfoService' in your configuration.

2024-12-04 15:29:44,121 ERROR [main][LoggingFailureAnalysisReporter.java:40] - 

***************************
APPLICATION FAILED TO START
***************************

Description:

Field courseBaseInfoService in com.xuecheng.content.api.CourseBaseInfoController required a bean of type 'com.xuecheng.content.service.CourseBaseInfoService' that could not be found.

The injection point has the following annotations:
	- @org.springframework.beans.factory.annotation.Autowired(required=true)


Action:

Consider defining a bean of type 'com.xuecheng.content.service.CourseBaseInfoService' in your configuration.

