2024-12-23 08:07:04,127 ERROR [xxl-job, executor TriggerCallbackThread][XxlJobRemotingUtil.java:143] - Read timed out
java.net.SocketTimeoutException: Read timed out
	at java.net.SocketInputStream.socketRead0(Native Method)
	at java.net.SocketInputStream.socketRead(SocketInputStream.java:116)
	at java.net.SocketInputStream.read(SocketInputStream.java:171)
	at java.net.SocketInputStream.read(SocketInputStream.java:141)
	at java.io.BufferedInputStream.fill(BufferedInputStream.java:246)
	at java.io.BufferedInputStream.read1(BufferedInputStream.java:286)
	at java.io.BufferedInputStream.read(BufferedInputStream.java:345)
	at sun.net.www.http.HttpClient.parseHTTPHeader(HttpClient.java:745)
	at sun.net.www.http.HttpClient.parseHTTP(HttpClient.java:680)
	at sun.net.www.protocol.http.HttpURLConnection.getInputStream0(HttpURLConnection.java:1610)
	at sun.net.www.protocol.http.HttpURLConnection.getInputStream(HttpURLConnection.java:1515)
	at java.net.HttpURLConnection.getResponseCode(HttpURLConnection.java:480)
	at com.xxl.job.core.util.XxlJobRemotingUtil.postBody(XxlJobRemotingUtil.java:119)
	at com.xxl.job.core.biz.client.AdminBizClient.callback(AdminBizClient.java:37)
	at com.xxl.job.core.thread.TriggerCallbackThread.doCallback(TriggerCallbackThread.java:168)
	at com.xxl.job.core.thread.TriggerCallbackThread.access$200(TriggerCallbackThread.java:26)
	at com.xxl.job.core.thread.TriggerCallbackThread$1.run(TriggerCallbackThread.java:76)
	at java.lang.Thread.run(Thread.java:750)
